<?xml version="1.0" encoding="UTF-8"?>
<!-- Generated by org.testng.reporters.JUnitReportReporter -->
<testsuite skipped="0" hostname="LAPTOP-7OFFTBLN" name="cicduitest.SITUserLogin" tests="1" failures="0" timestamp="02 Apr 2018 10:26:21 GMT" time="2.280" errors="0">
  <testcase name="successfulLoginLogout" time="2.280" classname="cicduitest.SITUserLogin"/>
</testsuite> <!-- cicduitest.SITUserLogin -->
