<?xml version="1.0" encoding="UTF-8"?>
<!-- Generated by org.testng.reporters.JUnitReportReporter -->
<testsuite skipped="0" hostname="LAPTOP-7OFFTBLN" name="pega.ui.unittest.headless.UserLogin" tests="1" failures="0" timestamp="12 May 2018 14:13:59 GMT" time="4.110" errors="0">
  <testcase name="successfulLoginLogout" time="4.110" classname="pega.ui.unittest.headless.UserLogin"/>
</testsuite> <!-- pega.ui.unittest.headless.UserLogin -->
