<?xml version="1.0" encoding="UTF-8"?>
<!-- Generated by org.testng.reporters.JUnitReportReporter -->
<testsuite skipped="0" hostname="LAPTOP-7OFFTBLN" name="cicduitest.SITUserLogin" tests="1" failures="0" timestamp="12 May 2018 08:38:18 GMT" time="3.330" errors="0">
  <testcase name="successfulLoginLogout" time="3.330" classname="cicduitest.SITUserLogin"/>
</testsuite> <!-- cicduitest.SITUserLogin -->
