<?xml version="1.0" encoding="UTF-8"?>
<!-- Generated by org.testng.reporters.JUnitReportReporter -->
<testsuite skipped="0" hostname="LAPTOP-7OFFTBLN" name="tests.NewTest" tests="1" failures="0" timestamp="01 Apr 2018 11:31:29 GMT" time="6.719" errors="0">
  <testcase name="openMyBlog" time="6.719" classname="tests.NewTest"/>
</testsuite> <!-- tests.NewTest -->
